<?xml version="1.0" encoding="UTF-8"?>
<!-- Generated by org.testng.reporters.JUnitReportReporter -->
<testsuite hostname="DESKTOP-F4PMV4Q" failures="0" tests="2" name="com.flipkart.stepdefinition.TVPurchase" time="3.008" errors="0" timestamp="23 Jan 2022 03:53:30 GMT" skipped="0">
  <testcase classname="com.flipkart.stepdefinition.TVPurchase" name="loginValidationTV" time="0.562"/>
  <testcase classname="com.flipkart.stepdefinition.TVPurchase" name="tvSearch" time="2.446"/>
</testsuite> <!-- com.flipkart.stepdefinition.TVPurchase -->
