<?xml version="1.0" encoding="UTF-8"?>
<!-- Generated by org.testng.reporters.JUnitReportReporter -->
<testsuite hostname="DESKTOP-F4PMV4Q" failures="0" tests="4" name="com.flipkart.stepdefinition.MobilePurchase" time="6.090" errors="0" timestamp="23 Jan 2022 03:53:30 GMT" skipped="1">
  <testcase classname="com.flipkart.stepdefinition.MobilePurchase" name="loginValidation" time="0.326"/>
  <testcase classname="com.flipkart.stepdefinition.MobilePurchase" name="mobileSearch" time="3.735"/>
  <testcase classname="com.flipkart.stepdefinition.MobilePurchase" name="windowsHandling" time="2.029"/>
  <testcase classname="com.flipkart.stepdefinition.MobilePurchase" name="screenShot">
    <skipped/>
  </testcase> <!-- screenShot -->
</testsuite> <!-- com.flipkart.stepdefinition.MobilePurchase -->
