<?xml version="1.0" encoding="UTF-8"?>
<!-- Generated by org.testng.reporters.JUnitReportReporter -->
<testsuite hostname="DESKTOP-F4PMV4Q" failures="0" tests="1" name="com.flipkart.stepdefinition.Amazon" time="6.532" errors="0" timestamp="23 Jan 2022 03:20:57 GMT" skipped="0">
  <testcase classname="com.flipkart.stepdefinition.Amazon" name="amazonsearch" time="6.532"/>
</testsuite> <!-- com.flipkart.stepdefinition.Amazon -->
